<?xml version="1.0" encoding="UTF-8"?>
<!-- Generated by org.testng.reporters.JUnitReportReporter -->
<testsuite hostname="LAPTOP-VL28O11O" failures="0" tests="2" name="com.marketingcampaing.endtoendtest.EndToEndTest" time="85.961" errors="0" timestamp="2021-10-22T10:37:03 IST" skipped="0">
  <testcase classname="com.marketingcampaing.endtoendtest.EndToEndTest" name="login" time="0.458"/>
  <system-out/>
  <testcase classname="com.marketingcampaing.endtoendtest.EndToEndTest" name="CampaignsFieldData" time="85.503"/>
  <system-out/>
</testsuite> <!-- com.marketingcampaing.endtoendtest.EndToEndTest -->
