<?xml version="1.0" encoding="UTF-8"?>
<!-- Generated by org.testng.reporters.JUnitReportReporter -->
<testsuite hostname="LAPTOP-VL28O11O" failures="0" tests="4" name="com.marketingmarketingcalling.endtoendtest.EndToEndTest" time="132.712" errors="0" timestamp="2021-09-23T14:02:10 IST" skipped="0">
  <testcase classname="com.marketingmarketingcalling.endtoendtest.EndToEndTest" name="login" time="0.453"/>
  <system-out/>
  <testcase classname="com.marketingmarketingcalling.endtoendtest.EndToEndTest" name="AddingMarketingCalling" time="87.620"/>
  <system-out/>
  <testcase classname="com.marketingmarketingcalling.endtoendtest.EndToEndTest" name="CheckedCheckedAllInstitutionsData" time="13.322"/>
  <system-out/>
  <testcase classname="com.marketingmarketingcalling.endtoendtest.EndToEndTest" name="UpdateMarketingCallingFields" time="31.317"/>
  <system-out/>
</testsuite> <!-- com.marketingmarketingcalling.endtoendtest.EndToEndTest -->
