<?xml version="1.0" encoding="UTF-8"?>
<!-- Generated by org.testng.reporters.JUnitReportReporter -->
<testsuite hostname="DESKTOP-GCV6TKI" failures="0" tests="2" name="com.marketingcalling.end.EndToEndTest" time="100.138" errors="0" timestamp="2021-10-21T11:35:20 IST" skipped="0">
  <testcase classname="com.marketingcalling.end.EndToEndTest" name="login" time="0.318"/>
  <system-out/>
  <testcase classname="com.marketingcalling.end.EndToEndTest" name="MarketCallingui" time="99.820"/>
  <system-out/>
</testsuite> <!-- com.marketingcalling.end.EndToEndTest -->
