<?xml version="1.0" encoding="UTF-8"?>
<!-- Generated by org.testng.reporters.JUnitReportReporter -->
<testsuite hostname="LAPTOP-VL28O11O" failures="0" tests="2" name="com.marketingstudentcalling.endtoendtest.EndToEndTest" time="89.826" errors="0" timestamp="2021-09-23T12:23:42 IST" skipped="0">
  <testcase classname="com.marketingstudentcalling.endtoendtest.EndToEndTest" name="login" time="0.558"/>
  <system-out/>
  <testcase classname="com.marketingstudentcalling.endtoendtest.EndToEndTest" name="AddingStudentCalling" time="89.268"/>
  <system-out/>
</testsuite> <!-- com.marketingstudentcalling.endtoendtest.EndToEndTest -->
