<?xml version="1.0" encoding="UTF-8"?>
<!-- Generated by org.testng.reporters.JUnitReportReporter -->
<testsuite hostname="DESKTOP-GCV6TKI" failures="0" tests="4" name="com.marketingeventssessions.End.EndToEnd" time="262.907" errors="0" timestamp="2021-09-23T15:09:58 IST" skipped="0">
  <testcase classname="com.marketingeventssessions.End.EndToEnd" name="log" time="0.299"/>
  <system-out/>
  <testcase classname="com.marketingeventssessions.End.EndToEnd" name="EventSessionsui" time="191.018"/>
  <system-out/>
  <testcase classname="com.marketingeventssessions.End.EndToEnd" name="login" time="0.240"/>
  <system-out/>
  <testcase classname="com.marketingeventssessions.End.EndToEnd" name="UpdateEventSessionsui" time="71.350"/>
  <system-out/>
</testsuite> <!-- com.marketingeventssessions.End.EndToEnd -->
