<?xml version="1.0" encoding="UTF-8"?>
<!-- Generated by org.testng.reporters.JUnitReportReporter -->
<testsuite hostname="LAPTOP-VL28O11O" failures="0" tests="2" name="com.marketingleads.endtoendtest.EndToEndTest" time="100.631" errors="0" timestamp="2021-10-22T11:15:28 IST" skipped="0">
  <testcase classname="com.marketingleads.endtoendtest.EndToEndTest" name="login" time="0.552"/>
  <system-out/>
  <testcase classname="com.marketingleads.endtoendtest.EndToEndTest" name="LeadsFieldData" time="100.079"/>
  <system-out/>
</testsuite> <!-- com.marketingleads.endtoendtest.EndToEndTest -->
