<?xml version="1.0" encoding="UTF-8"?>
<!-- Generated by org.testng.reporters.JUnitReportReporter -->
<testsuite hostname="LAPTOP-VL28O11O" failures="0" tests="3" name="com.marketingbiweeklycall.endtoendtest.EndToEndTest" time="94.471" errors="0" timestamp="2021-09-23T13:37:25 IST" skipped="0">
  <testcase classname="com.marketingbiweeklycall.endtoendtest.EndToEndTest" name="login" time="0.458"/>
  <system-out/>
  <testcase classname="com.marketingbiweeklycall.endtoendtest.EndToEndTest" name="CreateBiWeeklyCall" time="72.693"/>
  <system-out/>
  <testcase classname="com.marketingbiweeklycall.endtoendtest.EndToEndTest" name="UpdateBiWeeklyCall" time="21.320"/>
  <system-out/>
</testsuite> <!-- com.marketingbiweeklycall.endtoendtest.EndToEndTest -->
