<?xml version="1.0" encoding="UTF-8"?>
<!-- Generated by org.testng.reporters.JUnitReportReporter -->
<testsuite hostname="LAPTOP-VL28O11O" failures="0" tests="2" name="com.marketingeventsbranding.endtoendtest.EndToEndTest" time="117.317" errors="0" timestamp="2021-09-22T13:44:54 IST" skipped="0">
  <testcase classname="com.marketingeventsbranding.endtoendtest.EndToEndTest" name="login" time="0.523"/>
  <system-out/>
  <testcase classname="com.marketingeventsbranding.endtoendtest.EndToEndTest" name="MarketingEventsBrandingClass" time="116.794"/>
  <system-out/>
</testsuite> <!-- com.marketingeventsbranding.endtoendtest.EndToEndTest -->
